src/components/elements/unique/game/ActionDeck/DeckToggles.tsx(86,20): error TS18046: 'item' is of type 'unknown'.
src/components/elements/unique/game/ActionDeck/DeckToggles.tsx(88,22): error TS18046: 'item' is of type 'unknown'.
src/components/elements/unique/game/CraftingPanel.tsx(21,64): error TS18046: 'i' is of type 'unknown'.
src/components/elements/unique/game/CraftingPanel.tsx(57,104): error TS18046: 'i' is of type 'unknown'.
src/components/elements/unique/game/InventoryPanel.tsx(37,42): error TS2339: Property 'name' does not exist on type '{}'.
src/components/elements/unique/game/InventoryPanel.tsx(41,17): error TS2322: Type 'unknown' is not assignable to type 'ReactNode'.
src/components/elements/unique/game/InventoryPanel.tsx(43,42): error TS2345: Argument of type '{}' is not assignable to parameter of type 'Item'.
  Type '{}' is missing the following properties from type 'Item': id, name, description, type
src/components/elements/unique/game/InventoryPanel.tsx(85,43): error TS18046: 'item' is of type 'unknown'.
src/components/elements/unique/game/InventoryPanel.tsx(88,104): error TS18046: 'item' is of type 'unknown'.
src/components/elements/unique/game/InventoryPanel.tsx(90,50): error TS18046: 'item' is of type 'unknown'.
src/components/elements/unique/game/InventoryPanel.tsx(93,96): error TS18046: 'item' is of type 'unknown'.
src/components/elements/unique/game/InventoryPanel.tsx(94,58): error TS2345: Argument of type 'unknown' is not assignable to parameter of type 'Item'.
src/components/elements/unique/game/InventoryPanel.tsx(97,42): error TS18046: 'item' is of type 'unknown'.
src/components/elements/unique/game/InventoryPanel.tsx(98,80): error TS18046: 'item' is of type 'unknown'.
src/components/elements/unique/game/InventoryPanel.tsx(98,134): error TS18046: 'item' is of type 'unknown'.
src/components/elements/unique/game/InventoryPanel.tsx(100,42): error TS18046: 'item' is of type 'unknown'.
src/components/elements/unique/game/InventoryPanel.tsx(101,80): error TS18046: 'item' is of type 'unknown'.
src/components/elements/unique/game/InventoryPanel.tsx(101,131): error TS18046: 'item' is of type 'unknown'.
src/components/elements/unique/game/InventoryPanel.tsx(103,42): error TS18046: 'item' is of type 'unknown'.
src/components/elements/unique/game/InventoryPanel.tsx(104,80): error TS18046: 'item' is of type 'unknown'.
src/components/elements/unique/game/InventoryPanel.tsx(104,131): error TS18046: 'item' is of type 'unknown'.
src/components/elements/unique/game/InventoryPanel.tsx(106,42): error TS18046: 'item' is of type 'unknown'.
src/components/elements/unique/game/InventoryPanel.tsx(107,94): error TS18046: 'item' is of type 'unknown'.
src/components/elements/unique/game/InventoryPanel.tsx(107,134): error TS18046: 'item' is of type 'unknown'.
src/components/elements/unique/game/InventoryPanel.tsx(109,42): error TS18046: 'item' is of type 'unknown'.
src/components/elements/unique/game/InventoryPanel.tsx(110,94): error TS18046: 'item' is of type 'unknown'.
src/components/elements/unique/game/InventoryPanel.tsx(110,134): error TS18046: 'item' is of type 'unknown'.
src/components/elements/unique/game/InventoryPanel.tsx(112,42): error TS18046: 'item' is of type 'unknown'.
src/components/elements/unique/game/InventoryPanel.tsx(112,64): error TS18046: 'item' is of type 'unknown'.
src/components/elements/unique/game/InventoryPanel.tsx(113,100): error TS18046: 'item' is of type 'unknown'.
src/components/elements/unique/game/InventoryPanel.tsx(113,146): error TS18046: 'item' is of type 'unknown'.
src/components/elements/unique/game/InventoryPanel.tsx(114,84): error TS18046: 'item' is of type 'unknown'.
src/components/elements/unique/game/TradePanel.tsx(98,25): error TS18046: 'item' is of type 'unknown'.
src/components/elements/unique/game/TradePanel.tsx(100,67): error TS18046: 'item' is of type 'unknown'.
src/components/elements/unique/game/TradePanel.tsx(101,89): error TS2345: Argument of type 'unknown' is not assignable to parameter of type 'Item'.
src/components/elements/unique/game/TradePanel.tsx(103,72): error TS18046: 'item' is of type 'unknown'.
src/components/elements/unique/game/TradePanel.tsx(105,45): error TS2345: Argument of type 'unknown' is not assignable to parameter of type 'Item'.
src/components/elements/unique/game/TradePanel.tsx(107,46): error TS18046: 'item' is of type 'unknown'.
src/features/game/items.ts(12,26): error TS2339: Property 'bonus' does not exist on type '{}'.
src/features/game/items.ts(13,33): error TS2339: Property 'bonus' does not exist on type '{}'.
src/features/game/items.ts(14,37): error TS2339: Property 'bonus' does not exist on type '{}'.
src/features/game/items.ts(15,58): error TS2339: Property 'bonus' does not exist on type '{}'.
src/features/game/items.ts(22,53): error TS2339: Property 'maxHp' does not exist on type '{}'.
src/features/game/items.ts(23,57): error TS2339: Property 'maxStress' does not exist on type '{}'.
src/features/game/items.ts(24,78): error TS2339: Property 'ac' does not exist on type '{}'.
src/features/game/mechanics/ai/awareness.ts(85,14): error TS18046: 'i' is of type 'unknown'.
src/features/game/mechanics/ai/awareness.ts(85,64): error TS18046: 'i' is of type 'unknown'.
src/features/game/mechanics/ai/awareness.ts(90,14): error TS18046: 'i' is of type 'unknown'.
src/features/game/mechanics/ai/awareness.ts(90,63): error TS18046: 'i' is of type 'unknown'.
src/features/game/mechanics/ai/awareness.ts(95,71): error TS18046: 'i' is of type 'unknown'.
src/features/game/mechanics/ai/awareness.ts(96,68): error TS18046: 'i' is of type 'unknown'.
src/features/game/mechanics/ai/awareness.ts(105,42): error TS18046: 'i' is of type 'unknown'.
src/features/game/sdk/cortexService.ts(55,13): error TS2739: Type '{ store: (text: string, type?: string | undefined, importance?: number | undefined) => Promise<MemoryItem>; recall: (query: string, limit?: number | undefined) => Promise<...>; clear: () => Promise<...>; }' is missing the following properties from type 'IMemory': list, export, import
src/features/game/sdk/mappers.ts(1,15): error TS2305: Module '"@forbocai/core"' has no exported member 'Observation'.
src/features/game/slice/reducers/combat.ts(15,69): error TS2345: Argument of type 'WritableNonArrayDraft<Effect>[]' is not assignable to parameter of type 'StatusEffect[]'.
  Type 'WritableNonArrayDraft<Effect>' is missing the following properties from type 'StatusEffect': id, name, duration, description
src/features/game/slice/reducers/combat.ts(22,46): error TS2363: The right-hand side of an arithmetic operation must be of type 'any', 'number', 'bigint' or an enum type.
src/features/game/slice/reducers/combat.ts(24,38): error TS18046: 'effect.duration' is of type 'unknown'.
src/features/game/slice/reducers/combat.ts(58,34): error TS2363: The right-hand side of an arithmetic operation must be of type 'any', 'number', 'bigint' or an enum type.
src/features/game/slice/reducers/combat.ts(60,38): error TS18046: 'effect.duration' is of type 'unknown'.
src/features/game/slice/reducers/combat.ts(134,49): error TS2345: Argument of type 'StatusEffect' is not assignable to parameter of type 'WritableNonArrayDraft<Effect>'.
  Type 'StatusEffect' is missing the following properties from type 'WritableNonArrayDraft<Effect>': effectId, magnitude, remainingDurationMs, sourceEntityId
src/features/game/slice/reducers/combat.ts(152,74): error TS2345: Argument of type 'WritableNonArrayDraft<Effect>[] | undefined' is not assignable to parameter of type 'StatusEffect[] | undefined'.
  Type 'WritableNonArrayDraft<Effect>[]' is not assignable to type 'StatusEffect[]'.
    Type 'WritableNonArrayDraft<Effect>' is missing the following properties from type 'StatusEffect': id, name, duration, description
src/features/game/slice/reducers/combat.ts(159,41): error TS2345: Argument of type 'StatusEffect' is not assignable to parameter of type 'WritableNonArrayDraft<Effect>'.
  Type 'StatusEffect' is missing the following properties from type 'WritableNonArrayDraft<Effect>': effectId, magnitude, remainingDurationMs, sourceEntityId
src/features/game/slice/reducers/inventory.ts(16,23): error TS2741: Property 'active' is missing in type '{ id: string; type: string; faction: "ally"; name: string; role: "Warrior" | "Scout" | "Mystic"; stats: { hp: number; maxHp: number; stress: number; maxStress: number; speed: number; defense: number; damage: number; invulnerable: number; }; ... 13 more ...; animTimer: number; }' but required in type 'Companion'.
src/features/game/slice/reducers/inventory.ts(128,38): error TS18046: 'i' is of type 'unknown'.
